Base path: F:/Program Files (x86)/Unity/Editor/Data
Pipe name: \\.\pipe\UnityShaderCompiler-7-5280
Cmd: getPlatforms
Cmd: compileSnippet
  api=9 type=0 insize=3229 outsize=2400 kw=DIRECTIONAL SHADOWS_OFF LIGHTMAP_ON DIRLIGHTMAP_OFF ok=1
Cmd: compileSnippet
  api=9 type=0 insize=3229 outsize=2400 kw=DIRECTIONAL SHADOWS_SCREEN LIGHTMAP_ON DIRLIGHTMAP_ON ok=1
Cmd: compileSnippet
  api=9 type=0 insize=3229 outsize=2400 kw=DIRECTIONAL SHADOWS_SCREEN SHADOWS_NATIVE LIGHTMAP_OFF DIRLIGHTMAP_OFF ok=1
Cmd: compileSnippet
  api=5 type=1 insize=3229 outsize=6 kw=DIRECTIONAL SHADOWS_OFF LIGHTMAP_OFF DIRLIGHTMAP_OFF ok=1
Cmd: compileSnippet
  api=5 type=0 insize=2931 outsize=4187 kw=SHADOWS_NONATIVE ok=1
Cmd: compileSnippet
  api=9 type=0 insize=2875 outsize=2083 kw=SHADOWS_DEPTH ok=1
Cmd: compileSnippet
  api=9 type=0 insize=3002 outsize=2025 kw=DIRECTIONAL SHADOWS_OFF LIGHTMAP_OFF DIRLIGHTMAP_OFF ok=1
Cmd: compileSnippet
  api=9 type=0 insize=3002 outsize=2025 kw=DIRECTIONAL SHADOWS_SCREEN LIGHTMAP_ON DIRLIGHTMAP_OFF ok=1
Cmd: compileSnippet
  api=9 type=0 insize=3002 outsize=2025 kw=DIRECTIONAL SHADOWS_SCREEN SHADOWS_NATIVE LIGHTMAP_OFF DIRLIGHTMAP_OFF ok=1
Cmd: compileSnippet
  api=5 type=1 insize=3002 outsize=6 kw=DIRECTIONAL SHADOWS_OFF LIGHTMAP_OFF DIRLIGHTMAP_OFF ok=1
Cmd: compileSnippet
  api=9 type=0 insize=2930 outsize=4156 kw=SHADOWS_NATIVE ok=1
Cmd: compileSnippet
  api=9 type=1 insize=2930 outsize=7 kw=SHADOWS_SPLIT_SPHERES SHADOWS_NATIVE ok=1
Unhandled exception: Readfile from pipe failed. GLE=The pipe has been ended.


Quitting shader compiler process
